1605029091433	mozrunner::runner	INFO	Running command: "C:\\Program Files\\Mozilla Firefox\\firefox.exe" "-marionette" "-foreground" "-no-remote" "-profile" "C:\\Users\\jakhe\\AppData\\Local\\Temp\\rust_mozprofile.R7EilqVzVUvo"
Can't find symbol 'eglSwapBuffersWithDamageEXT'.
JavaScript error: resource://gre/modules/XULStore.jsm, line 66: Error: Can't find profile directory.
console.warn: SearchSettings: "get: No settings file exists, new profile?" (new Error("", "(unknown module)"))
1605029114447	Marionette	INFO	Listening on port 65100
[Parent 21512, Gecko_IOThread] WARNING: file /builds/worker/checkouts/gecko/ipc/chromium/src/base/process_util_win.cc, line 166
1605029115838	Marionette	WARN	TLS certificate errors will be ignored for this session
1605029184530	Marionette	INFO	Stopped listening on port 65100

###!!! [Child][RunMessage] Error: Channel closing: too late to send/recv, messages will be lost


###!!! [Child][MessageChannel::SendAndWait] Error: Channel error: cannot send/recv

pBuffersWithDamageEXT'.
JavaScript error: resource://gre/modules/XULStore.jsm, line 66: Error: Can't find profile directory.
console.warn: SearchSettings: "get: No settings file exists, new profile?" (new Error("", "(unknown module)"))
1605029147000	Marionette	INFO	Listening on port 65207
1605029147435	Marionette	WARN	TLS certificate errors will be ignored for this session
1605029174323	Marionette	INFO	Stopped listening on port 65207

###!!! [Child][MessageChannel::SendAndWait] Error: Channel error: cannot send/recv

1605029465725	mozrunner::runner	INFO	Running command: "C:\\Program Files\\Mozilla Firefox\\firefox.exe" "-marionette" "-foreground" "-no-remote" "-profile" "C:\\Users\\jakhe\\AppData\\Local\\Temp\\rust_mozprofile.70F1zBKPgoDV"
Can't find symbol 'eglSwapBuffersWithDamageEXT'.
JavaScript error: resource://gre/modules/XULStore.jsm, line 66: Error: Can't find profile directory.
console.warn: SearchSettings: "get: No settings file exists, new profile?" (new Error("", "(unknown module)"))
1605029473138	Marionette	INFO	Listening on port 65359
1605029473635	Marionette	WARN	TLS certificate errors will be ignored for this session
1605029537653	Marionette	INFO	Stopped listening on port 65359

###!!! [Child][RunMessage] Error: Channel closing: too late to send/recv, messages will be lost


###!!! [Child][MessageChannel::SendAndWait] Error: Channel error: cannot send/recv

1605031887345	mozrunner::runner	INFO	Running command: "C:\\Program Files\\Mozilla Firefox\\firefox.exe" "-marionette" "-foreground" "-no-remote" "-profile" "C:\\Users\\jakhe\\AppData\\Local\\Temp\\rust_mozprofile.aa27itCtLiB6"
Can't find symbol 'eglSwapBuffersWithDamageEXT'.
JavaScript error: resource://gre/modules/XULStore.jsm, line 66: Error: Can't find profile directory.
console.warn: SearchSettings: "get: No settings file exists, new profile?" (new Error("", "(unknown module)"))
1605031894494	Marionette	INFO	Listening on port 49886
1605031894770	Marionette	WARN	TLS certificate errors will be ignored for this session
1605033361653	Marionette	INFO	Stopped listening on port 49886

###!!! [Child][RunMessage] Error: Channel closing: too late to send/recv, messages will be lost


###!!! [Child][MessageChannel::SendAndWait] Error: Channel error: cannot send/recv

1605033366213	mozrunner::runner	INFO	Running command: "C:\\Program Files\\Mozilla Firefox\\firefox.exe" "-marionette" "-foreground" "-no-remote" "-profile" "C:\\Users\\jakhe\\AppData\\Local\\Temp\\rust_mozprofile.T5pwHBVmBa5T"
Can't find symbol 'eglSwapBuffersWithDamageEXT'.
JavaScript error: resource://gre/modules/XULStore.jsm, line 66: Error: Can't find profile directory.
console.warn: SearchSettings: "get: No settings file exists, new profile?" (new Error("", "(unknown module)"))
1605033382980	Marionette	INFO	Listening on port 50707
1605033383170	Marionette	WARN	TLS certificate errors will be ignored for this session
JavaScript error: resource://gre/modules/URIFixup.jsm, line 271: NS_ERROR_FAILURE: Should pass a non-null uri

###!!! [Child][MessageChannel] Error: (msgtype=0x3800D3,name=PContent::Msg_ScriptErrorWithStack) Channel closing: too late to send/recv, messages will be lost


###!!! [Child][MessageChannel] Error: (msgtype=0x3800D3,name=PContent::Msg_ScriptErrorWithStack) Channel closing: too late to send/recv, messages will be lost


###!!! [Child][MessageChannel] Error: (msgtype=0x3800D3,name=PContent::Msg_ScriptErrorWithStack) Channel closing: too late to send/recv, messages will be lost


###!!! [Child][MessageChannel] Error: (msgtype=0x380119,name=PContent::Msg_RecordDiscardedData) Channel closing: too late to send/recv, messages will be lost

JavaScript error: resource://gre/modules/XULStore.jsm, line 66: Error: Can't find profile directory.
JavaScript error: resource://gre/modules/XULStore.jsm, line 66: Error: Can't find profile directory.
JavaScript error: resource://gre/modules/XULStore.jsm, line 66: Error: Can't find profile directory.
JavaScript error: resource://gre/modules/XULStore.jsm, line 66: Error: Can't find profile directory.
JavaScript error: resource://gre/modules/XULStore.jsm, line 66: Error: Can't find profile directory.
1605033631243	Marionette	INFO	Stopped listening on port 50707

###!!! [Child][RunMessage] Error: Channel closing: too late to send/recv, messages will be lost


###!!! [Child][MessageChannel::SendAndWait] Error: Channel error: cannot send/recv

1605033638399	mozrunner::runner	INFO	Running command: "C:\\Program Files\\Mozilla Firefox\\firefox.exe" "-marionette" "-foreground" "-no-remote" "-profile" "C:\\Users\\jakhe\\AppData\\Local\\Temp\\rust_mozprofile.RF0nyQclznpS"
Can't find symbol 'eglSwapBuffersWithDamageEXT'.
JavaScript error: resource://gre/modules/XULStore.jsm, line 66: Error: Can't find profile directory.
console.warn: SearchSettings: "get: No settings file exists, new profile?" (new Error("", "(unknown module)"))
1605033645330	Marionette	INFO	Listening on port 50922
1605033645805	Marionette	WARN	TLS certificate errors will be ignored for this session
1605033910515	Marionette	INFO	Stopped listening on port 50922

###!!! [Child][RunMessage] Error: Channel closing: too late to send/recv, messages will be lost


###!!! [Child][MessageChannel::SendAndWait] Error: Channel error: cannot send/recv

1605033915769	mozrunner::runner	INFO	Running command: "C:\\Program Files\\Mozilla Firefox\\firefox.exe" "-marionette" "-foreground" "-no-remote" "-profile" "C:\\Users\\jakhe\\AppData\\Local\\Temp\\rust_mozprofile.G8gqh6t6hK7O"
Can't find symbol 'eglSwapBuffersWithDamageEXT'.
JavaScript error: resource://gre/modules/XULStore.jsm, line 66: Error: Can't find profile directory.
console.warn: SearchSettings: "get: No settings file exists, new profile?" (new Error("", "(unknown module)"))
1605033926785	Marionette	INFO	Listening on port 51134
1605033928625	Marionette	WARN	TLS certificate errors will be ignored for this session
1605034718929	Marionette	INFO	Stopped listening on port 51134

###!!! [Child][MessageChannel::SendAndWait] Error: Channel error: cannot send/recv

1605034728278	mozrunner::runner	INFO	Running command: "C:\\Program Files\\Mozilla Firefox\\firefox.exe" "-marionette" "-foreground" "-no-remote" "-profile" "C:\\Users\\jakhe\\AppData\\Local\\Temp\\rust_mozprofile.WQcqWlY24yfC"
Can't find symbol 'eglSwapBuffersWithDamageEXT'.
JavaScript error: resource://gre/modules/XULStore.jsm, line 66: Error: Can't find profile directory.
console.warn: SearchSettings: "get: No settings file exists, new profile?" (new Error("", "(unknown module)"))
1605034739643	Marionette	INFO	Listening on port 51446
1605034739938	Marionette	WARN	TLS certificate errors will be ignored for this session
console.error: Region.jsm: "Error fetching region" (new AbortError("The operation was aborted. ", (void 0), 697))
console.error: Region.jsm: "Failed to fetch region" (new Error("NO_RESULT", "resource://gre/modules/Region.jsm", 351))
1605034844706	Marionette	INFO	Stopped listening on port 51446

###!!! [Child][MessageChannel::SendAndWait] Error: Channel error: cannot send/recv

1605034848892	mozrunner::runner	INFO	Running command: "C:\\Program Files\\Mozilla Firefox\\firefox.exe" "-marionette" "-foreground" "-no-remote" "-profile" "C:\\Users\\jakhe\\AppData\\Local\\Temp\\rust_mozprofile.SSJydrSJx0Lh"
Can't find symbol 'eglSwapBuffersWithDamageEXT'.
JavaScript error: resource://gre/modules/XULStore.jsm, line 66: Error: Can't find profile directory.
console.warn: SearchSettings: "get: No settings file exists, new profile?" (new Error("", "(unknown module)"))
1605034860357	Marionette	INFO	Listening on port 51507
1605034860747	Marionette	WARN	TLS certificate errors will be ignored for this session
console.warn: LoginRecipes: "getRecipes: falling back to a synchronous message for:" "https://github.com"
console.warn: LoginRecipes: "getRecipes: falling back to a synchronous message for:" "https://github.com"
JavaScript warning: https://github.githubassets.com/assets/chunk-vendor-02c61aec.js, line 149: Script terminated by timeout at:
execute/M.prototype.matchesSelector@https://github.githubassets.com/assets/chunk-vendor-02c61aec.js:149:892
execute/M.prototype.matches@https://github.githubassets.com/assets/chunk-vendor-02c61aec.js:149:3997
E@https://github.githubassets.com/assets/chunk-frameworks-604b6c85.js:1:13335
EventListener.handleEvent*L@https://github.githubassets.com/assets/chunk-frameworks-604b6c85.js:1:13400
j@https://github.githubassets.com/assets/chunk-frameworks-604b6c85.js:1:13870
execute@https://github.githubassets.com/assets/chunk-frameworks-604b6c85.js:1:21429
register/e[i]<@https://github.githubassets.com/assets/environment-f0adafbf.js:1:10530
promise callback*register@https://github.githubassets.com/assets/environment-f0adafbf.js:1:10517
@https://github.githubassets.com/assets/chunk-frameworks-604b6c85.js:1:8

console.warn: LoginRecipes: "getRecipes: falling back to a synchronous message for:" "https://github.com"
console.error: (new TypeError("currentNode is null", "resource://devtools/client/inspector/shared/style-change-tracker.js", 66))
TypeError: currentNode is null: canMutationImpactCurrentStyles@resource://devtools/client/inspector/shared/style-change-tracker.js:66:20
onMutations@resource://devtools/client/inspector/shared/style-change-tracker.js:84:41
_emit@resource://devtools/shared/event-emitter.js:226:34
emit@resource://devtools/shared/event-emitter.js:172:18
emit@resource://devtools/shared/event-emitter.js:324:18
getMutations@resource://devtools/client/fronts/walker.js:405:10

1605035845782	Marionette	INFO	Stopped listening on port 51507

###!!! [Child][RunMessage] Error: Channel closing: too late to send/recv, messages will be lost


###!!! [Child][MessageChannel::SendAndWait] Error: Channel error: cannot send/recv

1605035851905	mozrunner::runner	INFO	Running command: "C:\\Program Files\\Mozilla Firefox\\firefox.exe" "-marionette" "-foreground" "-no-remote" "-profile" "C:\\Users\\jakhe\\AppData\\Local\\Temp\\rust_mozprofile.D3jPQmtYNCgk"
Can't find symbol 'eglSwapBuffersWithDamageEXT'.
JavaScript error: resource://gre/modules/XULStore.jsm, line 66: Error: Can't find profile directory.
console.warn: SearchSettings: "get: No settings file exists, new profile?" (new Error("", "(unknown module)"))
1605035864592	Marionette	INFO	Listening on port 51669
1605035865186	Marionette	WARN	TLS certificate errors will be ignored for this session
console.warn: LoginRecipes: "getRecipes: falling back to a synchronous message for:" "https://github.com"
1605036024410	Marionette	INFO	Stopped listening on port 51669

###!!! [Child][RunMessage] Error: Channel closing: too late to send/recv, messages will be lost


###!!! [Child][MessageChannel::SendAndWait] Error: Channel error: cannot send/recv

1605036030615	mozrunner::runner	INFO	Running command: "C:\\Program Files\\Mozilla Firefox\\firefox.exe" "-marionette" "-foreground" "-no-remote" "-profile" "C:\\Users\\jakhe\\AppData\\Local\\Temp\\rust_mozprofile.ciXqfes9wUB0"
Can't find symbol 'eglSwapBuffersWithDamageEXT'.
JavaScript error: resource://gre/modules/XULStore.jsm, line 66: Error: Can't find profile directory.
console.warn: SearchSettings: "get: No settings file exists, new profile?" (new Error("", "(unknown module)"))
1605036040773	Marionette	INFO	Listening on port 51744
1605036041067	Marionette	WARN	TLS certificate errors will be ignored for this session
JavaScript error: https://github.githubassets.com/assets/environment-f0adafbf.js, line 1: Error: could not resolve ./chunk-jump-to.js, error loading the module
1605037608561	Marionette	INFO	Stopped listening on port 51744

###!!! [Child][RunMessage] Error: Channel closing: too late to send/recv, messages will be lost


###!!! [Child][MessageChannel::SendAndWait] Error: Channel error: cannot send/recv

1605037619143	mozrunner::runner	INFO	Running command: "C:\\Program Files\\Mozilla Firefox\\firefox.exe" "-marionette" "-foreground" "-no-remote" "-profile" "C:\\Users\\jakhe\\AppData\\Local\\Temp\\rust_mozprofile.szgl7WaXkGeV"
Can't find symbol 'eglSwapBuffersWithDamageEXT'.
JavaScript error: resource://gre/modules/XULStore.jsm, line 66: Error: Can't find profile directory.
console.warn: SearchSettings: "get: No settings file exists, new profile?" (new Error("", "(unknown module)"))
1605037624102	Marionette	INFO	Listening on port 52470
1605037624435	Marionette	WARN	TLS certificate errors will be ignored for this session
JavaScript error: https://github.githubassets.com/assets/environment-f0adafbf.js, line 1: Error: could not resolve ./chunk-jump-to.js, error loading the module
1605037697284	Marionette	INFO	Stopped listening on port 52470

###!!! [Child][RunMessage] Error: Channel closing: too late to send/recv, messages will be lost


###!!! [Child][MessageChannel::SendAndWait] Error: Channel error: cannot send/recv

1605037705662	mozrunner::runner	INFO	Running command: "C:\\Program Files\\Mozilla Firefox\\firefox.exe" "-marionette" "-foreground" "-no-remote" "-profile" "C:\\Users\\jakhe\\AppData\\Local\\Temp\\rust_mozprofile.3wHFtxyk5k1F"
Can't find symbol 'eglSwapBuffersWithDamageEXT'.
JavaScript error: resource://gre/modules/XULStore.jsm, line 66: Error: Can't find profile directory.
console.warn: SearchSettings: "get: No settings file exists, new profile?" (new Error("", "(unknown module)"))
1605037713863	Marionette	INFO	Listening on port 52571
1605037714333	Marionette	WARN	TLS certificate errors will be ignored for this session
JavaScript error: https://github.githubassets.com/assets/environment-f0adafbf.js, line 1: Error: could not resolve ./chunk-jump-to.js, error loading the module
1605037941555	Marionette	INFO	Stopped listening on port 52571

###!!! [Child][RunMessage] Error: Channel closing: too late to send/recv, messages will be lost


###!!! [Child][MessageChannel::SendAndWait] Error: Channel error: cannot send/recv

1605037947730	mozrunner::runner	INFO	Running command: "C:\\Program Files\\Mozilla Firefox\\firefox.exe" "-marionette" "-foreground" "-no-remote" "-profile" "C:\\Users\\jakhe\\AppData\\Local\\Temp\\rust_mozprofile.ZElIjT80Y0Qv"
Can't find symbol 'eglSwapBuffersWithDamageEXT'.
JavaScript error: resource://gre/modules/XULStore.jsm, line 66: Error: Can't find profile directory.
console.warn: SearchSettings: "get: No settings file exists, new profile?" (new Error("", "(unknown module)"))
1605037955294	Marionette	INFO	Listening on port 52751
1605037955504	Marionette	WARN	TLS certificate errors will be ignored for this session
JavaScript error: https://github.githubassets.com/assets/environment-f0adafbf.js, line 1: Error: could not resolve ./chunk-jump-to.js, error loading the module
1605038115416	Marionette	INFO	Stopped listening on port 52751

###!!! [Child][MessageChannel::SendAndWait] Error: Channel error: cannot send/recv

ile" "C:\\Users\\jakhe\\AppData\\Local\\Temp\\rust_mozprofile.mDsS4KyCwK4m"
Can't find symbol 'eglSwapBuffersWithDamageEXT'.
JavaScript error: resource://gre/modules/XULStore.jsm, line 66: Error: Can't find profile directory.
console.warn: SearchSettings: "get: No settings file exists, new profile?" (new Error("", "(unknown module)"))
1605038119216	Marionette	INFO	Listening on port 52893
1605038119592	Marionette	WARN	TLS certificate errors will be ignored for this session
JavaScript error: , line 0: TypeError: NetworkError when attempting to fetch resource.
JavaScript error: , line 0: TypeError: NetworkError when attempting to fetch resource.
1605038623160	Marionette	INFO	Stopped listening on port 52893

###!!! [Child][RunMessage] Error: Channel closing: too late to send/recv, messages will be lost


###!!! [Child][MessageChannel::SendAndWait] Error: Channel error: cannot send/recv

1605038630241	mozrunner::runner	INFO	Running command: "C:\\Program Files\\Mozilla Firefox\\firefox.exe" "-marionette" "-foreground" "-no-remote" "-profile" "C:\\Users\\jakhe\\AppData\\Local\\Temp\\rust_mozprofile.eaKnUUmtzrze"
Can't find symbol 'eglSwapBuffersWithDamageEXT'.
JavaScript error: resource://gre/modules/XULStore.jsm, line 66: Error: Can't find profile directory.
console.warn: SearchSettings: "get: No settings file exists, new profile?" (new Error("", "(unknown module)"))
1605038637818	Marionette	INFO	Listening on port 53220
1605038638056	Marionette	WARN	TLS certificate errors will be ignored for this session
JavaScript error: https://github.githubassets.com/assets/environment-f0adafbf.js, line 1: Error: could not resolve ./chunk-jump-to.js, error loading the module
1605038684230	Marionette	INFO	Stopped listening on port 53220

###!!! [Child][RunMessage] Error: Channel closing: too late to send/recv, messages will be lost


###!!! [Child][MessageChannel::SendAndWait] Error: Channel error: cannot send/recv

1605038691201	mozrunner::runner	INFO	Running command: "C:\\Program Files\\Mozilla Firefox\\firefox.exe" "-marionette" "-foreground" "-no-remote" "-profile" "C:\\Users\\jakhe\\AppData\\Local\\Temp\\rust_mozprofile.yvqWOMOFmphK"
Can't find symbol 'eglSwapBuffersWithDamageEXT'.
JavaScript error: resource://gre/modules/XULStore.jsm, line 66: Error: Can't find profile directory.
console.warn: SearchSettings: "get: No settings file exists, new profile?" (new Error("", "(unknown module)"))
1605038698418	Marionette	INFO	Listening on port 53314
1605038698712	Marionette	WARN	TLS certificate errors will be ignored for this session
JavaScript error: https://github.githubassets.com/assets/environment-f0adafbf.js, line 1: Error: could not resolve ./chunk-jump-to.js, error loading the module
1605039020252	Marionette	INFO	Stopped listening on port 53314

###!!! [Child][RunMessage] Error: Channel closing: too late to send/recv, messages will be lost


###!!! [Child][MessageChannel::SendAndWait] Error: Channel error: cannot send/recv

1605039025747	mozrunner::runner	INFO	Running command: "C:\\Program Files\\Mozilla Firefox\\firefox.exe" "-marionette" "-foreground" "-no-remote" "-profile" "C:\\Users\\jakhe\\AppData\\Local\\Temp\\rust_mozprofile.jqvnRcet5K6I"
Can't find symbol 'eglSwapBuffersWithDamageEXT'.
JavaScript error: resource://gre/modules/XULStore.jsm, line 66: Error: Can't find profile directory.
console.warn: SearchSettings: "get: No settings file exists, new profile?" (new Error("", "(unknown module)"))
1605039033233	Marionette	INFO	Listening on port 53570
1605039033730	Marionette	WARN	TLS certificate errors will be ignored for this session
JavaScript error: https://github.githubassets.com/assets/environment-f0adafbf.js, line 1: Error: could not resolve ./chunk-jump-to.js, error loading the module
1605039107640	Marionette	INFO	Stopped listening on port 53570

###!!! [Child][RunMessage] Error: Channel closing: too late to send/recv, messages will be lost


###!!! [Child][MessageChannel::SendAndWait] Error: Channel error: cannot send/recv

1605039112633	mozrunner::runner	INFO	Running command: "C:\\Program Files\\Mozilla Firefox\\firefox.exe" "-marionette" "-foreground" "-no-remote" "-profile" "C:\\Users\\jakhe\\AppData\\Local\\Temp\\rust_mozprofile.Ixvhug0NzDZj"
Can't find symbol 'eglSwapBuffersWithDamageEXT'.
JavaScript error: resource://gre/modules/XULStore.jsm, line 66: Error: Can't find profile directory.
console.warn: SearchSettings: "get: No settings file exists, new profile?" (new Error("", "(unknown module)"))
1605039120660	Marionette	INFO	Listening on port 53691
1605039121314	Marionette	WARN	TLS certificate errors will be ignored for this session
JavaScript error: https://github.githubassets.com/assets/environment-f0adafbf.js, line 1: Error: could not resolve ./chunk-jump-to.js, error loading the module
console.error: (new TypeError("container.node.targetFront is null", "resource://devtools/client/inspector/markup/markup.js", 2252))
1605039850028	Marionette	INFO	Stopped listening on port 53691

###!!! [Child][RunMessage] Error: Channel closing: too late to send/recv, messages will be lost


###!!! [Child][MessageChannel::SendAndWait] Error: Channel error: cannot send/recv

1605039861754	mozrunner::runner	INFO	Running command: "C:\\Program Files\\Mozilla Firefox\\firefox.exe" "-marionette" "-foreground" "-no-remote" "-profile" "C:\\Users\\jakhe\\AppData\\Local\\Temp\\rust_mozprofile.M4m8Qz6902pt"
Can't find symbol 'eglSwapBuffersWithDamageEXT'.
JavaScript error: resource://gre/modules/XULStore.jsm, line 66: Error: Can't find profile directory.
console.warn: SearchSettings: "get: No settings file exists, new profile?" (new Error("", "(unknown module)"))
1605039870016	Marionette	INFO	Listening on port 54148
1605039870605	Marionette	WARN	TLS certificate errors will be ignored for this session
JavaScript error: https://github.githubassets.com/assets/environment-f0adafbf.js, line 1: Error: could not resolve ./chunk-jump-to.js, error loading the module
1605039998227	Marionette	INFO	Stopped listening on port 54148

###!!! [Child][RunMessage] Error: Channel closing: too late to send/recv, messages will be lost


###!!! [Child][MessageChannel::SendAndWait] Error: Channel error: cannot send/recv

pBuffersWithDamageEXT'.
JavaScript error: resource://gre/modules/XULStore.jsm, line 66: Error: Can't find profile directory.
console.warn: SearchSettings: "get: No settings file exists, new profile?" (new Error("", "(unknown module)"))
1605039884232	Marionette	INFO	Listening on port 54213
1605039884760	Marionette	WARN	TLS certificate errors will be ignored for this session
1605039994641	Marionette	INFO	Stopped listening on port 54213

###!!! [Child][RunMessage] Error: Channel closing: too late to send/recv, messages will be lost


###!!! [Child][MessageChannel::SendAndWait] Error: Channel error: cannot send/recv

1605040006668	mozrunner::runner	INFO	Running command: "C:\\Program Files\\Mozilla Firefox\\firefox.exe" "-marionette" "-foreground" "-no-remote" "-profile" "C:\\Users\\jakhe\\AppData\\Local\\Temp\\rust_mozprofile.vdbH7ZgaarmG"
Can't find symbol 'eglSwapBuffersWithDamageEXT'.
JavaScript error: resource://gre/modules/XULStore.jsm, line 66: Error: Can't find profile directory.
console.warn: SearchSettings: "get: No settings file exists, new profile?" (new Error("", "(unknown module)"))
1605040013722	Marionette	INFO	Listening on port 54314
1605040014295	Marionette	WARN	TLS certificate errors will be ignored for this session
JavaScript error: https://github.githubassets.com/assets/environment-f0adafbf.js, line 1: Error: could not resolve ./chunk-jump-to.js, error loading the module
1605040204850	Marionette	INFO	Stopped listening on port 54314

###!!! [Child][RunMessage] Error: Channel closing: too late to send/recv, messages will be lost


###!!! [Child][MessageChannel::SendAndWait] Error: Channel error: cannot send/recv

pBuffersWithDamageEXT'.
JavaScript error: resource://gre/modules/XULStore.jsm, line 66: Error: Can't find profile directory.
console.warn: SearchSettings: "get: No settings file exists, new profile?" (new Error("", "(unknown module)"))
1605040029094	Marionette	INFO	Listening on port 54384
1605040029478	Marionette	WARN	TLS certificate errors will be ignored for this session
[Parent 14024, Gecko_IOThread] WARNING: file /builds/worker/checkouts/gecko/ipc/chromium/src/base/process_util_win.cc, line 166
1605040052582	Marionette	INFO	Stopped listening on port 54384

###!!! [Child][RunMessage] Error: Channel closing: too late to send/recv, messages will be lost


###!!! [Child][MessageChannel::SendAndWait] Error: Channel error: cannot send/recv

1605040202108	mozrunner::runner	INFO	Running command: "C:\\Program Files\\Mozilla Firefox\\firefox.exe" "-marionette" "-foreground" "-no-remote" "-profile" "C:\\Users\\jakhe\\AppData\\Local\\Temp\\rust_mozprofile.qvn8r43RCdEC"
Can't find symbol 'eglSwapBuffersWithDamageEXT'.
JavaScript error: resource://gre/modules/XULStore.jsm, line 66: Error: Can't find profile directory.
console.warn: SearchSettings: "get: No settings file exists, new profile?" (new Error("", "(unknown module)"))
1605040208755	Marionette	INFO	Listening on port 54510
1605040209013	Marionette	WARN	TLS certificate errors will be ignored for this session
JavaScript error: https://github.githubassets.com/assets/environment-f0adafbf.js, line 1: Error: could not resolve ./chunk-jump-to.js, error loading the module
1605040353220	Marionette	INFO	Stopped listening on port 54510

###!!! [Child][RunMessage] Error: Channel closing: too late to send/recv, messages will be lost


###!!! [Child][MessageChannel::SendAndWait] Error: Channel error: cannot send/recv

pBuffersWithDamageEXT'.
JavaScript error: resource://gre/modules/XULStore.jsm, line 66: Error: Can't find profile directory.
console.warn: SearchSettings: "get: No settings file exists, new profile?" (new Error("", "(unknown module)"))
1605040221153	Marionette	INFO	Listening on port 54579
1605040221572	Marionette	WARN	TLS certificate errors will be ignored for this session
1605040349716	Marionette	INFO	Stopped listening on port 54579

###!!! [Child][RunMessage] Error: Channel closing: too late to send/recv, messages will be lost


###!!! [Child][MessageChannel::SendAndWait] Error: Channel error: cannot send/recv

1605040361236	mozrunner::runner	INFO	Running command: "C:\\Program Files\\Mozilla Firefox\\firefox.exe" "-marionette" "-foreground" "-no-remote" "-profile" "C:\\Users\\jakhe\\AppData\\Local\\Temp\\rust_mozprofile.KhOlZ5j7RJW4"
Can't find symbol 'eglSwapBuffersWithDamageEXT'.
JavaScript error: resource://gre/modules/XULStore.jsm, line 66: Error: Can't find profile directory.
console.warn: SearchSettings: "get: No settings file exists, new profile?" (new Error("", "(unknown module)"))
1605040368145	Marionette	INFO	Listening on port 54691
1605040368208	Marionette	WARN	TLS certificate errors will be ignored for this session
JavaScript error: https://github.githubassets.com/assets/environment-f0adafbf.js, line 1: Error: could not resolve ./chunk-jump-to.js, error loading the module
1605040405754	Marionette	INFO	Stopped listening on port 54691

###!!! [Child][RunMessage] Error: Channel closing: too late to send/recv, messages will be lost


###!!! [Child][MessageChannel::SendAndWait] Error: Channel error: cannot send/recv

1605040412578	mozrunner::runner	INFO	Running command: "C:\\Program Files\\Mozilla Firefox\\firefox.exe" "-marionette" "-foreground" "-no-remote" "-profile" "C:\\Users\\jakhe\\AppData\\Local\\Temp\\rust_mozprofile.KZ7ZyI8ZUhBq"
Can't find symbol 'eglSwapBuffersWithDamageEXT'.
JavaScript error: resource://gre/modules/XULStore.jsm, line 66: Error: Can't find profile directory.
console.warn: SearchSettings: "get: No settings file exists, new profile?" (new Error("", "(unknown module)"))
1605040417191	Marionette	INFO	Listening on port 54776
1605040417360	Marionette	WARN	TLS certificate errors will be ignored for this session
JavaScript error: https://github.githubassets.com/assets/environment-f0adafbf.js, line 1: Error: could not resolve ./chunk-jump-to.js, error loading the module
1605040661581	Marionette	INFO	Stopped listening on port 54776

###!!! [Child][RunMessage] Error: Channel closing: too late to send/recv, messages will be lost


###!!! [Child][MessageChannel::SendAndWait] Error: Channel error: cannot send/recv

1605040667352	mozrunner::runner	INFO	Running command: "C:\\Program Files\\Mozilla Firefox\\firefox.exe" "-marionette" "-foreground" "-no-remote" "-profile" "C:\\Users\\jakhe\\AppData\\Local\\Temp\\rust_mozprofile.oVMRxbS8HLEc"
Can't find symbol 'eglSwapBuffersWithDamageEXT'.
JavaScript error: resource://gre/modules/XULStore.jsm, line 66: Error: Can't find profile directory.
console.warn: SearchSettings: "get: No settings file exists, new profile?" (new Error("", "(unknown module)"))
1605040674743	Marionette	INFO	Listening on port 54960
1605040675348	Marionette	WARN	TLS certificate errors will be ignored for this session
JavaScript error: https://github.githubassets.com/assets/environment-f0adafbf.js, line 1: Error: could not resolve ./chunk-jump-to.js, error loading the module
1605040707806	Marionette	INFO	Stopped listening on port 54960

###!!! [Child][RunMessage] Error: Channel closing: too late to send/recv, messages will be lost


###!!! [Child][MessageChannel::SendAndWait] Error: Channel error: cannot send/recv

1605040713092	mozrunner::runner	INFO	Running command: "C:\\Program Files\\Mozilla Firefox\\firefox.exe" "-marionette" "-foreground" "-no-remote" "-profile" "C:\\Users\\jakhe\\AppData\\Local\\Temp\\rust_mozprofile.zOl3k4bTg1g4"
Can't find symbol 'eglSwapBuffersWithDamageEXT'.
JavaScript error: resource://gre/modules/XULStore.jsm, line 66: Error: Can't find profile directory.
console.warn: SearchSettings: "get: No settings file exists, new profile?" (new Error("", "(unknown module)"))
1605040719885	Marionette	INFO	Listening on port 55050
1605040720185	Marionette	WARN	TLS certificate errors will be ignored for this session

###!!! [Child][RunMessage] Error: Channel closing: too late to send/recv, messages will be lost

[Parent 27580, Gecko_IOThread] WARNING: file /builds/worker/checkouts/gecko/ipc/chromium/src/base/process_util_win.cc, line 166
JavaScript error: https://github.githubassets.com/assets/environment-f0adafbf.js, line 1: Error: could not resolve ./chunk-jump-to.js, error loading the module
1605040797480	Marionette	INFO	Stopped listening on port 55050

###!!! [Child][RunMessage] Error: Channel closing: too late to send/recv, messages will be lost


###!!! [Child][MessageChannel::SendAndWait] Error: Channel error: cannot send/recv

1605040803657	mozrunner::runner	INFO	Running command: "C:\\Program Files\\Mozilla Firefox\\firefox.exe" "-marionette" "-foreground" "-no-remote" "-profile" "C:\\Users\\jakhe\\AppData\\Local\\Temp\\rust_mozprofile.CmN9lVIjXmhe"
Can't find symbol 'eglSwapBuffersWithDamageEXT'.
JavaScript error: resource://gre/modules/XULStore.jsm, line 66: Error: Can't find profile directory.
console.warn: SearchSettings: "get: No settings file exists, new profile?" (new Error("", "(unknown module)"))
1605040810863	Marionette	INFO	Listening on port 55160
1605040811224	Marionette	WARN	TLS certificate errors will be ignored for this session
JavaScript error: https://github.githubassets.com/assets/environment-f0adafbf.js, line 1: Error: could not resolve ./chunk-jump-to.js, error loading the module
console.error: (new TypeError("container.node.targetFront is null", "resource://devtools/client/inspector/markup/markup.js", 2252))
1605041073040	Marionette	INFO	Stopped listening on port 55160

###!!! [Child][RunMessage] Error: Channel closing: too late to send/recv, messages will be lost


###!!! [Child][MessageChannel::SendAndWait] Error: Channel error: cannot send/recv

1605041078959	mozrunner::runner	INFO	Running command: "C:\\Program Files\\Mozilla Firefox\\firefox.exe" "-marionette" "-foreground" "-no-remote" "-profile" "C:\\Users\\jakhe\\AppData\\Local\\Temp\\rust_mozprofile.47vAyxrgPk3F"
Can't find symbol 'eglSwapBuffersWithDamageEXT'.
JavaScript error: resource://gre/modules/XULStore.jsm, line 66: Error: Can't find profile directory.
console.warn: SearchSettings: "get: No settings file exists, new profile?" (new Error("", "(unknown module)"))
1605041086646	Marionette	INFO	Listening on port 55362
1605041087198	Marionette	WARN	TLS certificate errors will be ignored for this session
JavaScript error: https://github.githubassets.com/assets/environment-f0adafbf.js, line 1: Error: could not resolve ./chunk-jump-to.js, error loading the module
1605041227929	Marionette	INFO	Stopped listening on port 55362

###!!! [Child][RunMessage] Error: Channel closing: too late to send/recv, messages will be lost


###!!! [Child][MessageChannel::SendAndWait] Error: Channel error: cannot send/recv

1605041233055	mozrunner::runner	INFO	Running command: "C:\\Program Files\\Mozilla Firefox\\firefox.exe" "-marionette" "-foreground" "-no-remote" "-profile" "C:\\Users\\jakhe\\AppData\\Local\\Temp\\rust_mozprofile.b4FiPpXWkpKG"
Can't find symbol 'eglSwapBuffersWithDamageEXT'.
JavaScript error: resource://gre/modules/XULStore.jsm, line 66: Error: Can't find profile directory.
console.warn: SearchSettings: "get: No settings file exists, new profile?" (new Error("", "(unknown module)"))

###!!! [Child][RunMessage] Error: Channel closing: too late to send/recv, messages will be lost

1605041240544	Marionette	INFO	Listening on port 55507
1605041240779	Marionette	WARN	TLS certificate errors will be ignored for this session
JavaScript error: https://github.githubassets.com/assets/environment-f0adafbf.js, line 1: Error: could not resolve ./chunk-jump-to.js, error loading the module
Can't find symbol 'eglSwapBuffersWithDamageEXT'.
1605041609848	Marionette	INFO	Stopped listening on port 55507

###!!! [Child][RunMessage] Error: Channel closing: too late to send/recv, messages will be lost


###!!! [Child][MessageChannel::SendAndWait] Error: Channel error: cannot send/recv

1605041622580	mozrunner::runner	INFO	Running command: "C:\\Program Files\\Mozilla Firefox\\firefox.exe" "-marionette" "-foreground" "-no-remote" "-profile" "C:\\Users\\jakhe\\AppData\\Local\\Temp\\rust_mozprofile.gTlm7f13PSXV"
Can't find symbol 'eglSwapBuffersWithDamageEXT'.
JavaScript error: resource://gre/modules/XULStore.jsm, line 66: Error: Can't find profile directory.
console.warn: SearchSettings: "get: No settings file exists, new profile?" (new Error("", "(unknown module)"))
1605041630158	Marionette	INFO	Listening on port 55809
1605041630566	Marionette	WARN	TLS certificate errors will be ignored for this session
JavaScript error: https://github.githubassets.com/assets/environment-f0adafbf.js, line 1: Error: could not resolve ./chunk-jump-to.js, error loading the module
1605041730584	Marionette	INFO	Stopped listening on port 55809

###!!! [Child][RunMessage] Error: Channel closing: too late to send/recv, messages will be lost


###!!! [Child][MessageChannel::SendAndWait] Error: Channel error: cannot send/recv

1605041736048	mozrunner::runner	INFO	Running command: "C:\\Program Files\\Mozilla Firefox\\firefox.exe" "-marionette" "-foreground" "-no-remote" "-profile" "C:\\Users\\jakhe\\AppData\\Local\\Temp\\rust_mozprofile.xFFYpRG2lZwP"
Can't find symbol 'eglSwapBuffersWithDamageEXT'.
JavaScript error: resource://gre/modules/XULStore.jsm, line 66: Error: Can't find profile directory.
console.warn: SearchSettings: "get: No settings file exists, new profile?" (new Error("", "(unknown module)"))
1605041743308	Marionette	INFO	Listening on port 55931
1605041743752	Marionette	WARN	TLS certificate errors will be ignored for this session
1605041975446	Marionette	INFO	Stopped listening on port 55931

###!!! [Child][RunMessage] Error: Channel closing: too late to send/recv, messages will be lost


###!!! [Child][MessageChannel::SendAndWait] Error: Channel error: cannot send/recv

1605041982951	mozrunner::runner	INFO	Running command: "C:\\Program Files\\Mozilla Firefox\\firefox.exe" "-marionette" "-foreground" "-no-remote" "-profile" "C:\\Users\\jakhe\\AppData\\Local\\Temp\\rust_mozprofile.81gUaPql06sL"
Can't find symbol 'eglSwapBuffersWithDamageEXT'.
JavaScript error: resource://gre/modules/XULStore.jsm, line 66: Error: Can't find profile directory.
console.warn: SearchSettings: "get: No settings file exists, new profile?" (new Error("", "(unknown module)"))
1605041987621	Marionette	INFO	Listening on port 56108
1605041987724	Marionette	WARN	TLS certificate errors will be ignored for this session
JavaScript error: https://github.githubassets.com/assets/environment-f0adafbf.js, line 1: Error: could not resolve ./chunk-jump-to.js, error loading the module
1605042157749	Marionette	INFO	Stopped listening on port 56108

###!!! [Child][RunMessage] Error: Channel closing: too late to send/recv, messages will be lost


###!!! [Child][MessageChannel::SendAndWait] Error: Channel error: cannot send/recv

1605042166903	mozrunner::runner	INFO	Running command: "C:\\Program Files\\Mozilla Firefox\\firefox.exe" "-marionette" "-foreground" "-no-remote" "-profile" "C:\\Users\\jakhe\\AppData\\Local\\Temp\\rust_mozprofile.jznmglTN9R0f"
Can't find symbol 'eglSwapBuffersWithDamageEXT'.
JavaScript error: resource://gre/modules/XULStore.jsm, line 66: Error: Can't find profile directory.
console.warn: SearchSettings: "get: No settings file exists, new profile?" (new Error("", "(unknown module)"))
1605042173475	Marionette	INFO	Listening on port 56258
1605042173937	Marionette	WARN	TLS certificate errors will be ignored for this session
JavaScript error: https://github.githubassets.com/assets/environment-f0adafbf.js, line 1: Error: could not resolve ./chunk-jump-to.js, error loading the module
1605043115785	Marionette	INFO	Stopped listening on port 56258

###!!! [Child][RunMessage] Error: Channel closing: too late to send/recv, messages will be lost


###!!! [Child][MessageChannel::SendAndWait] Error: Channel error: cannot send/recv

1605070774739	mozrunner::runner	INFO	Running command: "C:\\Program Files\\Mozilla Firefox\\firefox.exe" "-marionette" "-foreground" "-no-remote" "-profile" "C:\\Users\\jakhe\\AppData\\Local\\Temp\\rust_mozprofile.oOtOvYN4CVXh"
Can't find symbol 'eglSwapBuffersWithDamageEXT'.
JavaScript error: resource://gre/modules/XULStore.jsm, line 66: Error: Can't find profile directory.
console.warn: SearchSettings: "get: No settings file exists, new profile?" (new Error("", "(unknown module)"))
1605070791645	Marionette	INFO	Listening on port 58692
1605070792443	Marionette	WARN	TLS certificate errors will be ignored for this session
JavaScript error: https://github.githubassets.com/assets/environment-f0adafbf.js, line 1: Error: could not resolve ./chunk-jump-to.js, error loading the module

###!!! [Child][RunMessage] Error: Channel closing: too late to send/recv, messages will be lost

1605073350776	Marionette	INFO	Stopped listening on port 58692

###!!! [Child][RunMessage] Error: Channel closing: too late to send/recv, messages will be lost


###!!! [Child][MessageChannel::SendAndWait] Error: Channel error: cannot send/recv

1605121608670	mozrunner::runner	INFO	Running command: "C:\\Program Files\\Mozilla Firefox\\firefox.exe" "-marionette" "-foreground" "-no-remote" "-profile" "C:\\Users\\jakhe\\AppData\\Local\\Temp\\rust_mozprofile.1IlmpsSGugXj"
Can't find symbol 'eglSwapBuffersWithDamageEXT'.
JavaScript error: resource://gre/modules/XULStore.jsm, line 66: Error: Can't find profile directory.
console.warn: SearchSettings: "get: No settings file exists, new profile?" (new Error("", "(unknown module)"))
1605121617344	Marionette	INFO	Listening on port 58729
1605121617678	Marionette	WARN	TLS certificate errors will be ignored for this session
1605121846576	Marionette	INFO	Stopped listening on port 58729

###!!! [Child][MessageChannel::SendAndWait] Error: Channel error: cannot send/recv

1605122109120	mozrunner::runner	INFO	Running command: "C:\\Program Files\\Mozilla Firefox\\firefox.exe" "-marionette" "-foreground" "-no-remote" "-profile" "C:\\Users\\jakhe\\AppData\\Local\\Temp\\rust_mozprofile.IvT72nMNaW5X"
Can't find symbol 'eglSwapBuffersWithDamageEXT'.
JavaScript error: resource://gre/modules/XULStore.jsm, line 66: Error: Can't find profile directory.
console.warn: SearchSettings: "get: No settings file exists, new profile?" (new Error("", "(unknown module)"))
1605122118431	Marionette	INFO	Listening on port 59044
1605122119042	Marionette	WARN	TLS certificate errors will be ignored for this session

###!!! [Child][RunMessage] Error: Channel closing: too late to send/recv, messages will be lost


###!!! [Child][MessageChannel] Error: (msgtype=0x3800D3,name=PContent::Msg_ScriptErrorWithStack) Channel closing: too late to send/recv, messages will be lost


###!!! [Child][MessageChannel] Error: (msgtype=0x3800D3,name=PContent::Msg_ScriptErrorWithStack) Channel closing: too late to send/recv, messages will be lost


###!!! [Child][MessageChannel] Error: (msgtype=0x3800D3,name=PContent::Msg_ScriptErrorWithStack) Channel closing: too late to send/recv, messages will be lost


###!!! [Child][MessageChannel] Error: (msgtype=0x3800D3,name=PContent::Msg_ScriptErrorWithStack) Channel closing: too late to send/recv, messages will be lost


###!!! [Child][MessageChannel] Error: (msgtype=0x3800D3,name=PContent::Msg_ScriptErrorWithStack) Channel closing: too late to send/recv, messages will be lost

console.error: Region.jsm: "Error fetching region" (new AbortError("The operation was aborted. ", (void 0), 697))
console.error: Region.jsm: "Failed to fetch region" (new Error("NO_RESULT", "resource://gre/modules/Region.jsm", 351))
JavaScript error: https://github.githubassets.com/assets/environment-f0adafbf.js, line 1: Error: could not resolve ./chunk-jump-to.js, error loading the module
JavaScript error: , line 0: TypeError: NetworkError when attempting to fetch resource.
JavaScript error: , line 0: TypeError: NetworkError when attempting to fetch resource.
[Child 9652, Chrome_ChildThread] WARNING: pipe error: 232: file /builds/worker/checkouts/gecko/ipc/chromium/src/chrome/common/ipc_channel_win.cc, line 545
[Child 9652, Chrome_ChildThread] WARNING: pipe error: 232: file /builds/worker/checkouts/gecko/ipc/chromium/src/chrome/common/ipc_channel_win.cc, line 545
1605122216749	Marionette	INFO	Stopped listening on port 59044

###!!! [Child][RunMessage] Error: Channel closing: too late to send/recv, messages will be lost


###!!! [Child][MessageChannel::SendAndWait] Error: Channel error: cannot send/recv

1605122313842	mozrunner::runner	INFO	Running command: "C:\\Program Files\\Mozilla Firefox\\firefox.exe" "-marionette" "-foreground" "-no-remote" "-profile" "C:\\Users\\jakhe\\AppData\\Local\\Temp\\rust_mozprofile.dbmsC2g0Il10"
Can't find symbol 'eglSwapBuffersWithDamageEXT'.
JavaScript error: resource://gre/modules/XULStore.jsm, line 66: Error: Can't find profile directory.
console.warn: SearchSettings: "get: No settings file exists, new profile?" (new Error("", "(unknown module)"))
1605122320806	Marionette	INFO	Listening on port 59279
1605122321290	Marionette	WARN	TLS certificate errors will be ignored for this session
JavaScript error: https://github.githubassets.com/assets/environment-f0adafbf.js, line 1: Error: could not resolve ./chunk-jump-to.js, error loading the module
1605122343476	Marionette	WARN	TimedPromise timed out after 500 ms: stacktrace:
TimedPromise/<@chrome://marionette/content/sync.js:228:19
TimedPromise@chrome://marionette/content/sync.js:213:10
interaction.flushEventLoop@chrome://marionette/content/interaction.js:418:10
webdriverClickElement@chrome://marionette/content/interaction.js:179:31
1605122344221	Marionette	WARN	TimedPromise timed out after 500 ms: stacktrace:
TimedPromise/<@chrome://marionette/content/sync.js:228:19
TimedPromise@chrome://marionette/content/sync.js:213:10
interaction.flushEventLoop@chrome://marionette/content/interaction.js:418:10
webdriverClickElement@chrome://marionette/content/interaction.js:179:31
1605122365513	Marionette	INFO	Stopped listening on port 59279

###!!! [Child][RunMessage] Error: Channel closing: too late to send/recv, messages will be lost


###!!! [Child][MessageChannel::SendAndWait] Error: Channel error: cannot send/recv

1605122419644	mozrunner::runner	INFO	Running command: "C:\\Program Files\\Mozilla Firefox\\firefox.exe" "-marionette" "-foreground" "-no-remote" "-profile" "C:\\Users\\jakhe\\AppData\\Local\\Temp\\rust_mozprofile.YXnylE4IPLa7"
Can't find symbol 'eglSwapBuffersWithDamageEXT'.
JavaScript error: resource://gre/modules/XULStore.jsm, line 66: Error: Can't find profile directory.
console.warn: SearchSettings: "get: No settings file exists, new profile?" (new Error("", "(unknown module)"))
1605122425360	Marionette	INFO	Listening on port 59389
1605122425443	Marionette	WARN	TLS certificate errors will be ignored for this session
JavaScript error: https://github.githubassets.com/assets/environment-f0adafbf.js, line 1: Error: could not resolve ./chunk-jump-to.js, error loading the module
JavaScript error: , line 0: TypeError: NetworkError when attempting to fetch resource.
JavaScript error: , line 0: TypeError: NetworkError when attempting to fetch resource.
JavaScript error: , line 0: TypeError: NetworkError when attempting to fetch resource.
JavaScript error: , line 0: TypeError: NetworkError when attempting to fetch resource.
1605122508822	Marionette	WARN	TimedPromise timed out after 500 ms: stacktrace:
TimedPromise/<@chrome://marionette/content/sync.js:228:19
TimedPromise@chrome://marionette/content/sync.js:213:10
interaction.flushEventLoop@chrome://marionette/content/interaction.js:418:10
webdriverClickElement@chrome://marionette/content/interaction.js:179:31
JavaScript error: , line 0: TypeError: NetworkError when attempting to fetch resource.
1605122518575	Marionette	WARN	TimedPromise timed out after 500 ms: stacktrace:
TimedPromise/<@chrome://marionette/content/sync.js:228:19
TimedPromise@chrome://marionette/content/sync.js:213:10
interaction.flushEventLoop@chrome://marionette/content/interaction.js:418:10
webdriverClickElement@chrome://marionette/content/interaction.js:179:31
JavaScript error: , line 0: TypeError: NetworkError when attempting to fetch resource.
1605122529855	Marionette	WARN	TimedPromise timed out after 500 ms: stacktrace:
TimedPromise/<@chrome://marionette/content/sync.js:228:19
TimedPromise@chrome://marionette/content/sync.js:213:10
interaction.flushEventLoop@chrome://marionette/content/interaction.js:418:10
webdriverClickElement@chrome://marionette/content/interaction.js:179:31
JavaScript error: , line 0: TypeError: NetworkError when attempting to fetch resource.
1605122539340	Marionette	WARN	TimedPromise timed out after 500 ms: stacktrace:
TimedPromise/<@chrome://marionette/content/sync.js:228:19
TimedPromise@chrome://marionette/content/sync.js:213:10
interaction.flushEventLoop@chrome://marionette/content/interaction.js:418:10
webdriverClickElement@chrome://marionette/content/interaction.js:179:31
1605122649110	Marionette	INFO	Stopped listening on port 59389

###!!! [Child][MessageChannel::SendAndWait] Error: Channel error: cannot send/recv

ile" "C:\\Users\\jakhe\\AppData\\Local\\Temp\\rust_mozprofile.An17OxJyB8dn"
Can't find symbol 'eglSwapBuffersWithDamageEXT'.
JavaScript error: resource://gre/modules/XULStore.jsm, line 66: Error: Can't find profile directory.
1605122660468	mozrunner::runner	INFO	Running command: "C:\\Program Files\\Mozilla Firefox\\firefox.exe" "-marion1605122661110	Marionette	INFO	Listening on port 59658
1605122661446	Marionette	WARN	TLS certificate errors will beCan't find symbol 'eglSwapB1605122735681	Marionette	INFO	Stopped listening on port 59658

###!!! [Child][MessageChannel::SendAndWait] Error: Channel error: cannot send/recv

gs: "get: No settings file exists, new profile?" (new Error("", "(unknown module)"))
JavaScript error: resource://gre/modules/XULStore.jsm, line 66: Error: Can't find profile directory.
JavaScript error: resource://gre/modules/XULStore.jsm, line 66: Error: Can't find profile directory.
JavaScript error: resource://gre/modules/XULStore.jsm, line 66: Error: Can't find profile directory.
JavaScript error: resource://gre/modules/XULStore.jsm, line 66: Error: Can't find profile directory.
1605122682540	Marionette	INFO	Listening on port 59695
JavaScript error: resource://gre/modules/XULStore.jsm, line 66: Error: Can't find profile directory.
JavaScript error: resource://gre/modules/UrlClassifierListManager.jsm, line 691: TypeError: this.tablesData[table] is undefined
1605122683824	Marionette	WARN	TLS certificate errors will be ignored for this session
console.warn: services.settings: main/cfr-fxa sync interrupted by shutdown
1605122685811	Marionette	INFO	Stopped listening on port 59695

###!!! [Child][RunMessage] Error: Channel closing: too late to send/recv, messages will be lost


###!!! [Child][MessageChannel::SendAndWait] Error: Channel error: cannot send/recv

1605123041779	mozrunner::runner	INFO	Running command: "C:\\Program Files\\Mozilla Firefox\\firefox.exe" "-marionette" "-foreground" "-no-remote" "-profile" "C:\\Users\\jakhe\\AppData\\Local\\Temp\\rust_mozprofile.Qp4J17PBrx3A"
Can't find symbol 'eglSwapBuffersWithDamageEXT'.
JavaScript error: resource://gre/modules/XULStore.jsm, line 66: Error: Can't find profile directory.
console.warn: SearchSettings: "get: No settings file exists, new profile?" (new Error("", "(unknown module)"))
JavaScript error: resource://gre/modules/XULStore.jsm, line 66: Error: Can't find profile directory.
JavaScript error: resource://gre/modules/XULStore.jsm, line 66: Error: Can't find profile directory.
JavaScript error: resource://gre/modules/XULStore.jsm, line 66: Error: Can't find profile directory.
JavaScript error: resource://gre/modules/XULStore.jsm, line 66: Error: Can't find profile directory.
1605123053808	Marionette	INFO	Listening on port 59975
JavaScript error: resource://gre/modules/XULStore.jsm, line 66: Error: Can't find profile directory.
1605123054596	Marionette	WARN	TLS certificate errors will be ignored for this session
JavaScript error: https://github.githubassets.com/assets/environment-f0adafbf.js, line 1: Error: could not resolve ./chunk-jump-to.js, error loading the module
1605123098350	Marionette	INFO	Stopped listening on port 59975
JavaScript error: resource://gre/modules/osfile/osfile_async_front.jsm, line 426: Error: OS.File has been shut down. Rejecting post to stat

###!!! [Child][MessageChannel::SendAndWait] Error: Channel error: cannot send/recv

1605123153003	mozrunner::runner	INFO	Running command: "C:\\Program Files\\Mozilla Firefox\\firefox.exe" "-marionette" "-foreground" "-no-remote" "-profile" "C:\\Users\\jakhe\\AppData\\Local\\Temp\\rust_mozprofile.pbSLXzcIYvVZ"
Can't find symbol 'eglSwapBuffersWithDamageEXT'.
JavaScript error: resource://gre/modules/XULStore.jsm, line 66: Error: Can't find profile directory.
console.warn: SearchSettings: "get: No settings file exists, new profile?" (new Error("", "(unknown module)"))
1605123161358	Marionette	INFO	Listening on port 60112
1605123161436	Marionette	WARN	TLS certificate errors will be ignored for this session
1605123206660	Marionette	INFO	Stopped listening on port 60112

###!!! [Child][RunMessage] Error: Channel closing: too late to send/recv, messages will be lost


###!!! [Child][MessageChannel::SendAndWait] Error: Channel error: cannot send/recv

1605123270671	mozrunner::runner	INFO	Running command: "C:\\Program Files\\Mozilla Firefox\\firefox.exe" "-marionette" "-foreground" "-no-remote" "-profile" "C:\\Users\\jakhe\\AppData\\Local\\Temp\\rust_mozprofile.BNCpKTpMkLeV"
Can't find symbol 'eglSwapBuffersWithDamageEXT'.
JavaScript error: resource://gre/modules/XULStore.jsm, line 66: Error: Can't find profile directory.
console.warn: SearchSettings: "get: No settings file exists, new profile?" (new Error("", "(unknown module)"))
1605123279922	Marionette	INFO	Listening on port 60231
1605123280476	Marionette	WARN	TLS certificate errors will be ignored for this session
JavaScript error: chrome://marionette/content/proxy.js, line 218: TypeError: this.browser.driver.dialogObserver is null
JavaScript error: chrome://marionette/content/proxy.js, line 218: TypeError: this.browser.driver.dialogObserver is null
1605123440032	Marionette	INFO	Stopped listening on port 60231

###!!! [Child][RunMessage] Error: Channel closing: too late to send/recv, messages will be lost

1605123443546	mozrunner::runner	INFO	Running command: "C:\\Program Files\\Mozilla Firefox\\firefox.exe" "-marionette" "-foreground" "-no-remote" "-profile" "C:\\Users\\jakhe\\AppData\\Local\\Temp\\rust_mozprofile.La23KuOwRQAS"
Can't find symbol 'eglSwapBuffersWithDamageEXT'.
JavaScript error: resource://gre/modules/XULStore.jsm, line 66: Error: Can't find profile directory.
console.warn: SearchSettings: "get: No settings file exists, new profile?" (new Error("", "(unknown module)"))
1605123452916	Marionette	INFO	Listening on port 60396
1605123453229	Marionette	WARN	TLS certificate errors will be ignored for this session
JavaScript error: https://github.githubassets.com/assets/environment-f0adafbf.js, line 1: Error: could not resolve ./chunk-jump-to.js, error loading the module
1605123648448	Marionette	INFO	Stopped listening on port 60396

###!!! [Child][RunMessage] Error: Channel closing: too late to send/recv, messages will be lost


###!!! [Child][MessageChannel::SendAndWait] Error: Channel error: cannot send/recv

1605123687788	mozrunner::runner	INFO	Running command: "C:\\Program Files\\Mozilla Firefox\\firefox.exe" "-marionette" "-foreground" "-no-remote" "-profile" "C:\\Users\\jakhe\\AppData\\Local\\Temp\\rust_mozprofile.umxhvPmywQSI"
Can't find symbol 'eglSwapBuffersWithDamageEXT'.
JavaScript error: resource://gre/modules/XULStore.jsm, line 66: Error: Can't find profile directory.
console.warn: SearchSettings: "get: No settings file exists, new profile?" (new Error("", "(unknown module)"))
1605123699319	Marionette	INFO	Listening on port 60633
1605123699570	Marionette	WARN	TLS certificate errors will be ignored for this session
1605123751908	Marionette	INFO	Stopped listening on port 60633

###!!! [Child][RunMessage] Error: Channel closing: too late to send/recv, messages will be lost


###!!! [Child][MessageChannel::SendAndWait] Error: Channel error: cannot send/recv

ld][RunMessage] Error: Channel closing: too late to send/recv, messages will be lost


###!!! [Child][MessageChannel::SendAndWait] Error: Channel error: cannot send/recv

1605123967472	mozrunner::runner	INFO	Running command: "C:\\Program Files\\Mozilla Firefox\\firefox.exe" "-marionette" "-foreground" "-no-remote" "-profile" "C:\\Users\\jakhe\\AppData\\Local\\Temp\\rust_mozprofile.YzLSx39Th0TR"
Can't find symbol 'eglSwapBuffersWithDamageEXT'.
JavaScript error: resource://gre/modules/XULStore.jsm, line 66: Error: Can't find profile directory.
console.warn: SearchSettings: "get: No settings file exists, new profile?" (new Error("", "(unknown module)"))
1605123977469	Marionette	INFO	Listening on port 60889
1605123977602	Marionette	WARN	TLS certificate errors will be ignored for this session
JavaScript error: https://github.githubassets.com/assets/environment-f0adafbf.js, line 1: Error: could not resolve ./chunk-jump-to.js, error loading the module
1605124241002	Marionette	INFO	Stopped listening on port 60889

###!!! [Child][RunMessage] Error: Channel closing: too late to send/recv, messages will be lost


###!!! [Child][MessageChannel::SendAndWait] Error: Channel error: cannot send/recv

1605124556310	mozrunner::runner	INFO	Running command: "C:\\Program Files\\Mozilla Firefox\\firefox.exe" "-marionette" "-foreground" "-no-remote" "-profile" "C:\\Users\\jakhe\\AppData\\Local\\Temp\\rust_mozprofile.aAaqyUHaQPuq"
Can't find symbol 'eglSwapBuffersWithDamageEXT'.
JavaScript error: resource://gre/modules/XULStore.jsm, line 66: Error: Can't find profile directory.
console.warn: SearchSettings: "get: No settings file exists, new profile?" (new Error("", "(unknown module)"))
1605124565907	Marionette	INFO	Listening on port 61261
1605124566227	Marionette	WARN	TLS certificate errors will be ignored for this session
1605124645619	Marionette	WARN	TimedPromise timed out after 500 ms: stacktrace:
TimedPromise/<@chrome://marionette/content/sync.js:228:19
TimedPromise@chrome://marionette/content/sync.js:213:10
interaction.flushEventLoop@chrome://marionette/content/interaction.js:418:10
webdriverClickElement@chrome://marionette/content/interaction.js:179:31
1605124865345	Marionette	INFO	Stopped listening on port 61261
1605124868558	mozrunner::runner	INFO	Running command: "C:\\Program Files\\Mozilla Firefox\\firefox.exe" "-marionette" "-foreground" "-no-remote" "-profile" "C:\\Users\\jakhe\\AppData\\Local\\Temp\\rust_mozprofile.KjFUrvhzzLxp"
Can't find symbol 'eglSwapBuffersWithDamageEXT'.
JavaScript error: resource://gre/modules/XULStore.jsm, line 66: Error: Can't find profile directory.
console.warn: SearchSettings: "get: No settings file exists, new profile?" (new Error("", "(unknown module)"))
1605124881751	Marionette	INFO	Listening on port 61562
1605124882081	Marionette	WARN	TLS certificate errors will be ignored for this session
JavaScript error: https://github.githubassets.com/assets/environment-f0adafbf.js, line 1: Error: could not resolve ./chunk-jump-to.js, error loading the module

###!!! [Child][MessageChannel] Error: (msgtype=0x3800D3,name=PContent::Msg_ScriptErrorWithStack) Channel closing: too late to send/recv, messages will be lost


###!!! [Child][MessageChannel] Error: (msgtype=0x3800D3,name=PContent::Msg_ScriptErrorWithStack) Channel closing: too late to send/recv, messages will be lost


###!!! [Child][MessageChannel] Error: (msgtype=0x3800D3,name=PContent::Msg_ScriptErrorWithStack) Channel closing: too late to send/recv, messages will be lost


###!!! [Child][MessageChannel] Error: (msgtype=0x3800D3,name=PContent::Msg_ScriptErrorWithStack) Channel closing: too late to send/recv, messages will be lost

1605124977062	Marionette	INFO	Stopped listening on port 61562

###!!! [Child][RunMessage] Error: Channel closing: too late to send/recv, messages will be lost


###!!! [Child][MessageChannel::SendAndWait] Error: Channel error: cannot send/recv

1605124983493	mozrunner::runner	INFO	Running command: "C:\\Program Files\\Mozilla Firefox\\firefox.exe" "-marionette" "-foreground" "-no-remote" "-profile" "C:\\Users\\jakhe\\AppData\\Local\\Temp\\rust_mozprofile.np9nVuCvJGsR"
Can't find symbol 'eglSwapBuffersWithDamageEXT'.
JavaScript error: resource://gre/modules/XULStore.jsm, line 66: Error: Can't find profile directory.
console.warn: SearchSettings: "get: No settings file exists, new profile?" (new Error("", "(unknown module)"))
1605124993345	Marionette	INFO	Listening on port 61743
1605124993695	Marionette	WARN	TLS certificate errors will be ignored for this session
JavaScript error: https://github.githubassets.com/assets/environment-f0adafbf.js, line 1: Error: could not resolve ./chunk-jump-to.js, error loading the module
JavaScript error: chrome://marionette/content/navigate.js, line 213: TypeError: driver.dialogObserver is null
1605125636778	Marionette	INFO	Stopped listening on port 61743

###!!! [Child][RunMessage] Error: Channel closing: too late to send/recv, messages will be lost


###!!! [Child][MessageChannel::SendAndWait] Error: Channel error: cannot send/recv

1605125655930	mozrunner::runner	INFO	Running command: "C:\\Program Files\\Mozilla Firefox\\firefox.exe" "-marionette" "-foreground" "-no-remote" "-profile" "C:\\Users\\jakhe\\AppData\\Local\\Temp\\rust_mozprofile.wO26eJ3AUHV7"
Can't find symbol 'eglSwapBuffersWithDamageEXT'.
JavaScript error: resource://gre/modules/XULStore.jsm, line 66: Error: Can't find profile directory.
console.warn: SearchSettings: "get: No settings file exists, new profile?" (new Error("", "(unknown module)"))
1605125662312	Marionette	INFO	Listening on port 62251
1605125662959	Marionette	WARN	TLS certificate errors will be ignored for this session
JavaScript error: https://github.githubassets.com/assets/environment-f0adafbf.js, line 1: Error: could not resolve ./chunk-jump-to.js, error loading the module
JavaScript error: chrome://marionette/content/proxy.js, line 218: TypeError: this.browser.driver.dialogObserver is null
JavaScript error: chrome://marionette/content/proxy.js, line 218: TypeError: this.browser.driver.dialogObserver is null
1605126105329	Marionette	INFO	Stopped listening on port 62251

###!!! [Child][RunMessage] Error: Channel closing: too late to send/recv, messages will be lost


###!!! [Child][MessageChannel::SendAndWait] Error: Channel error: cannot send/recv

1605168861754	mozrunner::runner	INFO	Running command: "C:\\Program Files\\Mozilla Firefox\\firefox.exe" "-marionette" "-foreground" "-no-remote" "-profile" "C:\\Users\\jakhe\\AppData\\Local\\Temp\\rust_mozprofile.2lf929d8jugS"
Can't find symbol 'eglSwapBuffersWithDamageEXT'.
JavaScript error: resource://gre/modules/XULStore.jsm, line 66: Error: Can't find profile directory.
console.warn: SearchSettings: "get: No settings file exists, new profile?" (new Error("", "(unknown module)"))
1605168885878	Marionette	INFO	Listening on port 60350
1605168887794	Marionette	WARN	TLS certificate errors will be ignored for this session
JavaScript error: , line 0: TypeError: NetworkError when attempting to fetch resource.
JavaScript error: , line 0: TypeError: NetworkError when attempting to fetch resource.
1605169313572	Marionette	INFO	Stopped listening on port 60350

###!!! [Child][RunMessage] Error: Channel closing: too late to send/recv, messages will be lost


###!!! [Child][MessageChannel::SendAndWait] Error: Channel error: cannot send/recv

pBuffersWithDamageEXT'.
JavaScript error: resource://gre/modules/XULStore.jsm, line 66: Error: Can't find profile directory.
console.warn: SearchSettings: "get: No settings file exists, new profile?" (new Error("", "(unknown module)"))
1605169319074	Marionette	INFO	Listening on port 60480
1605169319649	Marionette	WARN	TLS certificate errors will be ignored for this session
1605169712112	Marionette	INFO	Stopped listening on port 60480

###!!! [Child][RunMessage] Error: Channel closing: too late to send/recv, messages will be lost


###!!! [Child][MessageChannel::SendAndWait] Error: Channel error: cannot send/recv

pBuffersWithDamageEXT'.
JavaScript error: resource://gre/modules/XULStore.jsm, line 66: Error: Can't find profile directory.
console.warn: SearchSettings: "get: No settings file exists, new profile?" (new Error("", "(unknown module)"))
JavaScript error: resource://activity-stream/lib/ActivityStreamPrefs.jsm, line 27: NS_ERROR_ILLEGAL_VALUE: Component returned failure code: 0x80070057 (NS_ERROR_ILLEGAL_VALUE) [nsIPrefBranch.removeObserver]
console.error: Region.jsm: "Error fetching region" (new TypeError("NetworkError when attempting to fetch resource.", ""))
console.error: Region.jsm: "Failed to fetch region" (new Error("NO_RESULT", "resource://gre/modules/Region.jsm", 351))
[Parent 28632, Gecko_IOThread] WARNING: file /builds/worker/checkouts/gecko/ipc/chromium/src/base/process_util_win.cc, line 166
console.error: services.settings: 
  main/fxmonitor-breaches Signature failed  TypeError: NetworkError when attempting to fetch resource.
*** UTM:SVC TimerManager:registerTimer called after profile-before-change notification. Ignoring timer registration for id: rs-experiment-loader-timer
console.log: "RemoteSettingsWorker error: Error: Can't import when we've started shutting down."
JavaScript error: resource://activity-stream/lib/PlacesFeed.jsm, line 198: NS_ERROR_UNEXPECTED: Component returned failure code: 0x8000ffff (NS_ERROR_UNEXPECTED) [nsINavHistoryService.addObserver]
JavaScript error: resource://gre/modules/ExtensionSettingsStore.jsm, line 123: Error: The ExtensionSettingsStore was accessed before the initialize promise resolved.
console.log: "RemoteSettingsWorker error: Error: Can't import when we've started shutting down."
console.log: "RemoteSettingsWorker error: Error: Can't import when we've started shutting down."
console.error: "Could not load engine google@search.mozilla.org: [Exception... \"AddonManager is not initialized\"  nsresult: \"0xc1f30001 (NS_ERROR_NOT_INITIALIZED)\"  location: \"JS frame :: resource://gre/modules/AddonManager.jsm :: installBuiltinAddon :: line 2550\"  data: no]"
console.error: "Could not load engine amazondotcom@search.mozilla.org: [Exception... \"AddonManager is not initialized\"  nsresult: \"0xc1f30001 (NS_ERROR_NOT_INITIALIZED)\"  location: \"JS frame :: resource://gre/modules/AddonManager.jsm :: installBuiltinAddon :: line 2550\"  data: no]"
console.error: "Could not load engine ddg@search.mozilla.org: [Exception... \"AddonManager is not initialized\"  nsresult: \"0xc1f30001 (NS_ERROR_NOT_INITIALIZED)\"  location: \"JS frame :: resource://gre/modules/AddonManager.jsm :: installBuiltinAddon :: line 2550\"  data: no]"
console.error: "Could not load engine bing@search.mozilla.org: [Exception... \"AddonManager is not initialized\"  nsresult: \"0xc1f30001 (NS_ERROR_NOT_INITIALIZED)\"  location: \"JS frame :: resource://gre/modules/AddonManager.jsm :: installBuiltinAddon :: line 2550\"  data: no]"
console.error: "Could not load engine wikipedia@search.mozilla.org: [Exception... \"AddonManager is not initialized\"  nsresult: \"0xc1f30001 (NS_ERROR_NOT_INITIALIZED)\"  location: \"JS frame :: resource://gre/modules/AddonManager.jsm :: installBuiltinAddon :: line 2550\"  data: no]"
console.warn: SearchService: "_init: abandoning init due to shutting down"
JavaScript error: , line 0: uncaught exception: 2147500036
JavaScript error: , line 0: uncaught exception: 2147500036
JavaScript error: , line 0: uncaught exception: 2147500036
JavaScript error: , line 0: uncaught exception: 2147500036
JavaScript error: , line 0: uncaught exception: 2147500036

###!!! [Child][MessageChannel::SendAndWait] Error: Channel error: cannot send/recv

1605170188316	mozrunner::runner	INFO	Running command: "C:\\Program Files\\Mozilla Firefox\\firefox.exe" "-marionette" "-foreground" "-no-remote" "-profile" "C:\\Users\\jakhe\\AppData\\Local\\Temp\\rust_mozprofile.Z26RKe6NYTAz"
Can't find symbol 'eglSwapBuffersWithDamageEXT'.
JavaScript error: resource://gre/modules/XULStore.jsm, line 66: Error: Can't find profile directory.
console.warn: SearchSettings: "get: No settings file exists, new profile?" (new Error("", "(unknown module)"))
1605170204400	Marionette	INFO	Listening on port 60895
1605170204549	Marionette	WARN	TLS certificate errors will be ignored for this session
JavaScript error: https://github.githubassets.com/assets/environment-f0adafbf.js, line 1: Error: could not resolve ./chunk-jump-to.js, error loading the module
1605170367726	Marionette	INFO	Stopped listening on port 60895

###!!! [Child][RunMessage] Error: Channel closing: too late to send/recv, messages will be lost


###!!! [Child][MessageChannel::SendAndWait] Error: Channel error: cannot send/recv

1605170446858	mozrunner::runner	INFO	Running command: "C:\\Program Files\\Mozilla Firefox\\firefox.exe" "-marionette" "-foreground" "-no-remote" "-profile" "C:\\Users\\jakhe\\AppData\\Local\\Temp\\rust_mozprofile.yT0GZC0yBayE"
Can't find symbol 'eglSwapBuffersWithDamageEXT'.
JavaScript error: resource://gre/modules/XULStore.jsm, line 66: Error: Can't find profile directory.
console.warn: SearchSettings: "get: No settings file exists, new profile?" (new Error("", "(unknown module)"))
1605170454869	Marionette	INFO	Listening on port 61098
1605170455332	Marionette	WARN	TLS certificate errors will be ignored for this session
JavaScript error: https://github.githubassets.com/assets/environment-f0adafbf.js, line 1: Error: could not resolve ./chunk-jump-to.js, error loading the module
1605170612018	Marionette	INFO	Stopped listening on port 61098

###!!! [Child][RunMessage] Error: Channel closing: too late to send/recv, messages will be lost


###!!! [Child][MessageChannel::SendAndWait] Error: Channel error: cannot send/recv

1605203651266	mozrunner::runner	INFO	Running command: "C:\\Program Files\\Mozilla Firefox\\firefox.exe" "-marionette" "-foreground" "-no-remote" "-profile" "C:\\Users\\jakhe\\AppData\\Local\\Temp\\rust_mozprofile.oDI2ElAea5gK"
Can't find symbol 'eglSwapBuffersWithDamageEXT'.
JavaScript error: resource://gre/modules/XULStore.jsm, line 66: Error: Can't find profile directory.
console.warn: SearchSettings: "get: No settings file exists, new profile?" (new Error("", "(unknown module)"))
1605203676377	Marionette	INFO	Listening on port 61866
1605203677841	Marionette	WARN	TLS certificate errors will be ignored for this session
JavaScript error: https://github.githubassets.com/assets/environment-f0adafbf.js, line 1: Error: could not resolve ./chunk-jump-to.js, error loading the module
1605203931571	Marionette	INFO	Stopped listening on port 61866

###!!! [Child][RunMessage] Error: Channel closing: too late to send/recv, messages will be lost


###!!! [Child][MessageChannel::SendAndWait] Error: Channel error: cannot send/recv

1605206867450	mozrunner::runner	INFO	Running command: "C:\\Program Files\\Mozilla Firefox\\firefox.exe" "-marionette" "-foreground" "-no-remote" "-profile" "C:\\Users\\jakhe\\AppData\\Local\\Temp\\rust_mozprofile.c84LzlIJXW0S"
Can't find symbol 'eglSwapBuffersWithDamageEXT'.
JavaScript error: resource://gre/modules/XULStore.jsm, line 66: Error: Can't find profile directory.
console.warn: SearchSettings: "get: No settings file exists, new profile?" (new Error("", "(unknown module)"))
1605206873771	Marionette	INFO	Listening on port 62089
1605206873821	Marionette	WARN	TLS certificate errors will be ignored for this session
JavaScript error: , line 0: TypeError: NetworkError when attempting to fetch resource.
JavaScript error: , line 0: TypeError: NetworkError when attempting to fetch resource.
1605207113662	Marionette	INFO	Stopped listening on port 62089

###!!! [Child][RunMessage] Error: Channel closing: too late to send/recv, messages will be lost


###!!! [Child][MessageChannel::SendAndWait] Error: Channel error: cannot send/recv

1605207439063	mozrunner::runner	INFO	Running command: "C:\\Program Files\\Mozilla Firefox\\firefox.exe" "-marionette" "-foreground" "-no-remote" "-profile" "C:\\Users\\jakhe\\AppData\\Local\\Temp\\rust_mozprofile.syzqjCVp41qF"
Can't find symbol 'eglSwapBuffersWithDamageEXT'.
JavaScript error: resource://gre/modules/XULStore.jsm, line 66: Error: Can't find profile directory.
console.warn: SearchSettings: "get: No settings file exists, new profile?" (new Error("", "(unknown module)"))
1605207444428	Marionette	INFO	Listening on port 62216
1605207444820	Marionette	WARN	TLS certificate errors will be ignored for this session
JavaScript error: https://github.githubassets.com/assets/environment-f0adafbf.js, line 1: Error: could not resolve ./chunk-jump-to.js, error loading the module
1605207532423	Marionette	INFO	Stopped listening on port 62216

###!!! [Child][RunMessage] Error: Channel closing: too late to send/recv, messages will be lost


###!!! [Child][MessageChannel::SendAndWait] Error: Channel error: cannot send/recv

1605207694163	mozrunner::runner	INFO	Running command: "C:\\Program Files\\Mozilla Firefox\\firefox.exe" "-marionette" "-foreground" "-no-remote" "-profile" "C:\\Users\\jakhe\\AppData\\Local\\Temp\\rust_mozprofile.CHAaTwtRGSlA"
Can't find symbol 'eglSwapBuffersWithDamageEXT'.
JavaScript error: resource://gre/modules/XULStore.jsm, line 66: Error: Can't find profile directory.
console.warn: SearchSettings: "get: No settings file exists, new profile?" (new Error("", "(unknown module)"))
1605207699745	Marionette	INFO	Listening on port 62339
1605207699929	Marionette	WARN	TLS certificate errors will be ignored for this session
JavaScript error: https://github.githubassets.com/assets/environment-f0adafbf.js, line 1: Error: could not resolve ./chunk-jump-to.js, error loading the module
1605207772022	Marionette	INFO	Stopped listening on port 62339
[Parent 23196, Gecko_IOThread] WARNING: file /builds/worker/checkouts/gecko/ipc/chromium/src/base/process_util_win.cc, line 166

###!!! [Child][RunMessage] Error: Channel closing: too late to send/recv, messages will be lost


###!!! [Child][MessageChannel::SendAndWait] Error: Channel error: cannot send/recv

1605207907773	mozrunner::runner	INFO	Running command: "C:\\Program Files\\Mozilla Firefox\\firefox.exe" "-marionette" "-foreground" "-no-remote" "-profile" "C:\\Users\\jakhe\\AppData\\Local\\Temp\\rust_mozprofile.TbrzZ9KTmWg9"
Can't find symbol 'eglSwapBuffersWithDamageEXT'.
JavaScript error: resource://gre/modules/XULStore.jsm, line 66: Error: Can't find profile directory.
console.warn: SearchSettings: "get: No settings file exists, new profile?" (new Error("", "(unknown module)"))
1605207912887	Marionette	INFO	Listening on port 62495
1605207913027	Marionette	WARN	TLS certificate errors will be ignored for this session
JavaScript error: https://github.githubassets.com/assets/environment-f0adafbf.js, line 1: Error: could not resolve ./chunk-jump-to.js, error loading the module
1605207984817	Marionette	INFO	Stopped listening on port 62495

###!!! [Child][RunMessage] Error: Channel closing: too late to send/recv, messages will be lost


###!!! [Child][MessageChannel::SendAndWait] Error: Channel error: cannot send/recv

1605208189081	mozrunner::runner	INFO	Running command: "C:\\Program Files\\Mozilla Firefox\\firefox.exe" "-marionette" "-foreground" "-no-remote" "-profile" "C:\\Users\\jakhe\\AppData\\Local\\Temp\\rust_mozprofile.tPgC30GtPJ6K"
Can't find symbol 'eglSwapBuffersWithDamageEXT'.
JavaScript error: resource://gre/modules/XULStore.jsm, line 66: Error: Can't find profile directory.
console.warn: SearchSettings: "get: No settings file exists, new profile?" (new Error("", "(unknown module)"))
1605208194766	Marionette	INFO	Listening on port 62645
1605208194861	Marionette	WARN	TLS certificate errors will be ignored for this session
JavaScript error: resource://gre/modules/XULStore.jsm, line 66: Error: Can't find profile directory.
JavaScript error: resource://gre/modules/XULStore.jsm, line 66: Error: Can't find profile directory.
JavaScript error: resource://gre/modules/XULStore.jsm, line 66: Error: Can't find profile directory.
JavaScript error: resource://gre/modules/XULStore.jsm, line 66: Error: Can't find profile directory.
JavaScript error: resource://gre/modules/XULStore.jsm, line 66: Error: Can't find profile directory.
JavaScript error: https://github.githubassets.com/assets/environment-f0adafbf.js, line 1: Error: could not resolve ./chunk-jump-to.js, error loading the module
JavaScript error: https://github.githubassets.com/assets/chunk-frameworks-604b6c85.js, line 1: AbortError: The operation was aborted. 
JavaScript error: chrome://marionette/content/proxy.js, line 218: TypeError: this.browser.driver.dialogObserver is null
JavaScript error: chrome://marionette/content/proxy.js, line 218: TypeError: this.browser.driver.dialogObserver is null
1605208654314	Marionette	INFO	Stopped listening on port 62645

###!!! [Child][RunMessage] Error: Channel closing: too late to send/recv, messages will be lost


###!!! [Child][MessageChannel::SendAndWait] Error: Channel error: cannot send/recv

1605208683773	mozrunner::runner	INFO	Running command: "C:\\Program Files\\Mozilla Firefox\\firefox.exe" "-marionette" "-foreground" "-no-remote" "-profile" "C:\\Users\\jakhe\\AppData\\Local\\Temp\\rust_mozprofile.3ATvq3KDvuZ6"
Can't find symbol 'eglSwapBuffersWithDamageEXT'.
JavaScript error: resource://gre/modules/XULStore.jsm, line 66: Error: Can't find profile directory.
console.warn: SearchSettings: "get: No settings file exists, new profile?" (new Error("", "(unknown module)"))
1605208690032	Marionette	INFO	Listening on port 63793
1605208690151	Marionette	WARN	TLS certificate errors will be ignored for this session
JavaScript error: https://github.githubassets.com/assets/environment-f0adafbf.js, line 1: Error: could not resolve ./chunk-jump-to.js, error loading the module
1605208937534	Marionette	INFO	Stopped listening on port 63793

###!!! [Child][RunMessage] Error: Channel closing: too late to send/recv, messages will be lost


###!!! [Child][MessageChannel::SendAndWait] Error: Channel error: cannot send/recv

1605209337639	mozrunner::runner	INFO	Running command: "C:\\Program Files\\Mozilla Firefox\\firefox.exe" "-marionette" "-foreground" "-no-remote" "-profile" "C:\\Users\\jakhe\\AppData\\Local\\Temp\\rust_mozprofile.McMGQlDCATjF"
Can't find symbol 'eglSwapBuffersWithDamageEXT'.
JavaScript error: resource://gre/modules/XULStore.jsm, line 66: Error: Can't find profile directory.
console.warn: SearchSettings: "get: No settings file exists, new profile?" (new Error("", "(unknown module)"))
1605209343592	Marionette	INFO	Listening on port 64021
1605209343905	Marionette	WARN	TLS certificate errors will be ignored for this session
JavaScript error: resource://gre/modules/XULStore.jsm, line 66: Error: Can't find profile directory.
JavaScript error: resource://gre/modules/XULStore.jsm, line 66: Error: Can't find profile directory.
JavaScript error: resource://gre/modules/XULStore.jsm, line 66: Error: Can't find profile directory.
JavaScript error: resource://gre/modules/XULStore.jsm, line 66: Error: Can't find profile directory.
JavaScript error: resource://gre/modules/XULStore.jsm, line 66: Error: Can't find profile directory.
JavaScript error: https://github.githubassets.com/assets/environment-f0adafbf.js, line 1: Error: could not resolve ./chunk-jump-to.js, error loading the module
1605209535119	Marionette	INFO	Stopped listening on port 64021

###!!! [Child][RunMessage] Error: Channel closing: too late to send/recv, messages will be lost


###!!! [Child][MessageChannel::SendAndWait] Error: Channel error: cannot send/recv

1605209803597	mozrunner::runner	INFO	Running command: "C:\\Program Files\\Mozilla Firefox\\firefox.exe" "-marionette" "-foreground" "-no-remote" "-profile" "C:\\Users\\jakhe\\AppData\\Local\\Temp\\rust_mozprofile.wrqYLVmfHSBE"
Can't find symbol 'eglSwapBuffersWithDamageEXT'.
JavaScript error: resource://gre/modules/XULStore.jsm, line 66: Error: Can't find profile directory.
console.warn: SearchSettings: "get: No settings file exists, new profile?" (new Error("", "(unknown module)"))
1605209809278	Marionette	INFO	Listening on port 64214
1605209809361	Marionette	WARN	TLS certificate errors will be ignored for this session
JavaScript error: https://github.githubassets.com/assets/environment-f0adafbf.js, line 1: Error: could not resolve ./chunk-jump-to.js, error loading the module
1605209971604	Marionette	INFO	Stopped listening on port 64214

###!!! [Child][RunMessage] Error: Channel closing: too late to send/recv, messages will be lost


###!!! [Child][MessageChannel::SendAndWait] Error: Channel error: cannot send/recv

